<?xml version="1.0" encoding="UTF-8"?>
<!-- Generated by org.testng.reporters.JUnitXMLReporter -->
<testsuite hostname="Shwetha-PC" failures="0" tests="12" name="MavenTest" time="0.049" errors="0" timestamp="8 Jun 2018 13:16:04 GMT">
  <testcase classname="com.qa.test.DemoTest" name="div" time="0.019"/>
  <testcase classname="com.qa.test.DemoTest" name="mul" time="0.001"/>
  <testcase classname="com.qa.test.DemoTest" name="sub" time="0.0"/>
  <testcase classname="com.qa.test.DemoTest" name="sum" time="0.0"/>
  <testcase classname="com.qa.test.DemoTest1" name="div" time="0.001"/>
  <testcase classname="com.qa.test.DemoTest1" name="mul" time="0.0"/>
  <testcase classname="com.qa.test.DemoTest1" name="sub" time="0.001"/>
  <testcase classname="com.qa.test.DemoTest1" name="sum" time="0.001"/>
  <testcase classname="com.qa.test.DemoTest2" name="div" time="0.001"/>
  <testcase classname="com.qa.test.DemoTest2" name="mul" time="0.001"/>
  <testcase classname="com.qa.test.DemoTest2" name="sub" time="0.0"/>
  <testcase classname="com.qa.test.DemoTest2" name="sum" time="0.0"/>
</testsuite> <!-- MavenTest -->
