<?xml version="1.0" encoding="UTF-8"?>
<testng-results total="12" passed="12" failed="0" skipped="0">
  <reporter-output>
  </reporter-output>
  <suite started-at="2018-06-08T13:16:04Z" name="Maven Test Suite" finished-at="2018-06-08T13:16:04Z" duration-ms="49">
    <groups>
    </groups>
    <test started-at="2018-06-08T13:16:04Z" name="MavenTest" finished-at="2018-06-08T13:16:04Z" duration-ms="49">
      <class name="com.qa.test.DemoTest">
        <test-method signature="div()[pri:0, instance:com.qa.test.DemoTest@4218d6a3]" started-at="2018-06-08T18:46:04Z" name="div" finished-at="2018-06-08T18:46:04Z" duration-ms="19" status="PASS">
          <reporter-output>
          </reporter-output>
        </test-method> <!-- div -->
        <test-method signature="mul()[pri:0, instance:com.qa.test.DemoTest@4218d6a3]" started-at="2018-06-08T18:46:04Z" name="mul" finished-at="2018-06-08T18:46:04Z" duration-ms="1" status="PASS">
          <reporter-output>
          </reporter-output>
        </test-method> <!-- mul -->
        <test-method signature="sub()[pri:0, instance:com.qa.test.DemoTest@4218d6a3]" started-at="2018-06-08T18:46:04Z" name="sub" finished-at="2018-06-08T18:46:04Z" duration-ms="0" status="PASS">
          <reporter-output>
          </reporter-output>
        </test-method> <!-- sub -->
        <test-method signature="sum()[pri:0, instance:com.qa.test.DemoTest@4218d6a3]" started-at="2018-06-08T18:46:04Z" name="sum" finished-at="2018-06-08T18:46:04Z" duration-ms="0" status="PASS">
          <reporter-output>
          </reporter-output>
        </test-method> <!-- sum -->
      </class> <!-- com.qa.test.DemoTest -->
      <class name="com.qa.test.DemoTest1">
        <test-method signature="div()[pri:0, instance:com.qa.test.DemoTest1@5656be13]" started-at="2018-06-08T18:46:04Z" name="div" finished-at="2018-06-08T18:46:04Z" duration-ms="1" status="PASS">
          <reporter-output>
          </reporter-output>
        </test-method> <!-- div -->
        <test-method signature="mul()[pri:0, instance:com.qa.test.DemoTest1@5656be13]" started-at="2018-06-08T18:46:04Z" name="mul" finished-at="2018-06-08T18:46:04Z" duration-ms="0" status="PASS">
          <reporter-output>
          </reporter-output>
        </test-method> <!-- mul -->
        <test-method signature="sub()[pri:0, instance:com.qa.test.DemoTest1@5656be13]" started-at="2018-06-08T18:46:04Z" name="sub" finished-at="2018-06-08T18:46:04Z" duration-ms="1" status="PASS">
          <reporter-output>
          </reporter-output>
        </test-method> <!-- sub -->
        <test-method signature="sum()[pri:0, instance:com.qa.test.DemoTest1@5656be13]" started-at="2018-06-08T18:46:04Z" name="sum" finished-at="2018-06-08T18:46:04Z" duration-ms="1" status="PASS">
          <reporter-output>
          </reporter-output>
        </test-method> <!-- sum -->
      </class> <!-- com.qa.test.DemoTest1 -->
      <class name="com.qa.test.DemoTest2">
        <test-method signature="div()[pri:0, instance:com.qa.test.DemoTest2@4d5d943d]" started-at="2018-06-08T18:46:04Z" name="div" finished-at="2018-06-08T18:46:04Z" duration-ms="1" status="PASS">
          <reporter-output>
          </reporter-output>
        </test-method> <!-- div -->
        <test-method signature="mul()[pri:0, instance:com.qa.test.DemoTest2@4d5d943d]" started-at="2018-06-08T18:46:04Z" name="mul" finished-at="2018-06-08T18:46:04Z" duration-ms="1" status="PASS">
          <reporter-output>
          </reporter-output>
        </test-method> <!-- mul -->
        <test-method signature="sub()[pri:0, instance:com.qa.test.DemoTest2@4d5d943d]" started-at="2018-06-08T18:46:04Z" name="sub" finished-at="2018-06-08T18:46:04Z" duration-ms="0" status="PASS">
          <reporter-output>
          </reporter-output>
        </test-method> <!-- sub -->
        <test-method signature="sum()[pri:0, instance:com.qa.test.DemoTest2@4d5d943d]" started-at="2018-06-08T18:46:04Z" name="sum" finished-at="2018-06-08T18:46:04Z" duration-ms="0" status="PASS">
          <reporter-output>
          </reporter-output>
        </test-method> <!-- sum -->
      </class> <!-- com.qa.test.DemoTest2 -->
    </test> <!-- MavenTest -->
  </suite> <!-- Maven Test Suite -->
</testng-results>
